<?xml version="1.0" encoding="UTF-8"?>
<!-- Generated by org.testng.reporters.JUnitXMLReporter -->
<testsuite hostname="Ajay" ignored="0" name="Test" tests="3" failures="0" timestamp="26 May 2017 18:39:56 GMT" time="29.882" errors="0">
  <testcase name="testVerison" time="2.426" classname="test.VerifyVersion"/>
  <testcase name="testvalidLoginlogout" time="4.786" classname="test.ValidLoginLogout"/>
  <testcase name="testInvaidLogin" time="2.028" classname="test.InvalidLogin"/>
</testsuite> <!-- Test -->
