<?xml version="1.0" encoding="UTF-8"?>
<testng-results skipped="0" failed="0" ignored="0" total="3" passed="3">
  <reporter-output>
    <line>
      <![CDATA[aVersion: actiTIME 2014 Pro]]>
    </line>
    <line>
      <![CDATA[eVersion: actiTIME 2014 Pro]]>
    </line>
    <line>
      <![CDATA[Title is Matching: actiTIME - Enter Time-Track]]>
    </line>
    <line>
      <![CDATA[Title is Matching: actiTIME - Login]]>
    </line>
    <line>
      <![CDATA[Error Message is: Username or Password is invalid. Please try again.]]>
    </line>
    <line>
      <![CDATA[Element is present]]>
    </line>
  </reporter-output>
  <suite name="Suite" duration-ms="29882" started-at="2017-05-26T18:39:26Z" finished-at="2017-05-26T18:39:56Z">
    <groups>
    </groups>
    <test name="Test" duration-ms="29882" started-at="2017-05-26T18:39:26Z" finished-at="2017-05-26T18:39:56Z">
      <class name="test.InvalidLogin">
        <test-method status="PASS" signature="openApp()[pri:0, instance:test.InvalidLogin@a3ffec]" name="openApp" is-config="true" duration-ms="5925" started-at="2017-05-27T00:09:48Z" finished-at="2017-05-27T00:09:54Z">
          <reporter-output>
          </reporter-output>
        </test-method> <!-- openApp -->
        <test-method status="PASS" signature="testInvaidLogin()[pri:3, instance:test.InvalidLogin@a3ffec]" name="testInvaidLogin" duration-ms="2028" started-at="2017-05-27T00:09:54Z" finished-at="2017-05-27T00:09:56Z">
          <reporter-output>
            <line>
              <![CDATA[Error Message is: Username or Password is invalid. Please try again.]]>
            </line>
            <line>
              <![CDATA[Element is present]]>
            </line>
          </reporter-output>
        </test-method> <!-- testInvaidLogin -->
        <test-method status="PASS" signature="closeApp()[pri:0, instance:test.InvalidLogin@a3ffec]" name="closeApp" is-config="true" duration-ms="415" started-at="2017-05-27T00:09:56Z" finished-at="2017-05-27T00:09:56Z">
          <reporter-output>
          </reporter-output>
        </test-method> <!-- closeApp -->
      </class> <!-- test.InvalidLogin -->
      <class name="test.ValidLoginLogout">
        <test-method status="PASS" signature="openApp()[pri:0, instance:test.ValidLoginLogout@1caeb3e]" name="openApp" is-config="true" duration-ms="5005" started-at="2017-05-27T00:09:38Z" finished-at="2017-05-27T00:09:43Z">
          <reporter-output>
          </reporter-output>
        </test-method> <!-- openApp -->
        <test-method status="PASS" signature="testvalidLoginlogout()[pri:2, instance:test.ValidLoginLogout@1caeb3e]" name="testvalidLoginlogout" duration-ms="4786" started-at="2017-05-27T00:09:43Z" finished-at="2017-05-27T00:09:48Z">
          <reporter-output>
            <line>
              <![CDATA[Title is Matching: actiTIME - Enter Time-Track]]>
            </line>
            <line>
              <![CDATA[Title is Matching: actiTIME - Login]]>
            </line>
          </reporter-output>
        </test-method> <!-- testvalidLoginlogout -->
        <test-method status="PASS" signature="closeApp()[pri:0, instance:test.ValidLoginLogout@1caeb3e]" name="closeApp" is-config="true" duration-ms="402" started-at="2017-05-27T00:09:48Z" finished-at="2017-05-27T00:09:48Z">
          <reporter-output>
          </reporter-output>
        </test-method> <!-- closeApp -->
      </class> <!-- test.ValidLoginLogout -->
      <class name="test.VerifyVersion">
        <test-method status="PASS" signature="openApp()[pri:0, instance:test.VerifyVersion@1e88b3c]" name="openApp" is-config="true" duration-ms="8356" started-at="2017-05-27T00:09:26Z" finished-at="2017-05-27T00:09:35Z">
          <reporter-output>
          </reporter-output>
        </test-method> <!-- openApp -->
        <test-method status="PASS" signature="testVerison()[pri:1, instance:test.VerifyVersion@1e88b3c]" name="testVerison" duration-ms="2426" started-at="2017-05-27T00:09:35Z" finished-at="2017-05-27T00:09:37Z">
          <reporter-output>
            <line>
              <![CDATA[aVersion: actiTIME 2014 Pro]]>
            </line>
            <line>
              <![CDATA[eVersion: actiTIME 2014 Pro]]>
            </line>
          </reporter-output>
        </test-method> <!-- testVerison -->
        <test-method status="PASS" signature="closeApp()[pri:0, instance:test.VerifyVersion@1e88b3c]" name="closeApp" is-config="true" duration-ms="453" started-at="2017-05-27T00:09:37Z" finished-at="2017-05-27T00:09:38Z">
          <reporter-output>
          </reporter-output>
        </test-method> <!-- closeApp -->
      </class> <!-- test.VerifyVersion -->
    </test> <!-- Test -->
  </suite> <!-- Suite -->
</testng-results>
